<?xml version="1.0" encoding="UTF-8"?>
<coverage generated="1678550763">
  <project timestamp="1678550763">
    <file name="/home/tiki/PhpstormProjects/serieApp2023/src/Controller/Admin/DashboardController.php">
      <class name="App\Controller\Admin\DashboardController" namespace="global">
        <metrics complexity="3" methods="3" coveredmethods="0" conditionals="0" coveredconditionals="0" statements="5" coveredstatements="0" elements="8" coveredelements="0"/>
      </class>
      <line num="14" type="method" name="index" visibility="public" complexity="1" crap="2" count="0"/>
      <line num="33" type="stmt" count="0"/>
      <line num="36" type="method" name="configureDashboard" visibility="public" complexity="1" crap="2" count="0"/>
      <line num="38" type="stmt" count="0"/>
      <line num="39" type="stmt" count="0"/>
      <line num="42" type="method" name="configureMenuItems" visibility="public" complexity="1" crap="2" count="0"/>
      <line num="44" type="stmt" count="0"/>
      <line num="45" type="stmt" count="0"/>
      <metrics loc="48" ncloc="35" classes="1" methods="3" coveredmethods="0" conditionals="0" coveredconditionals="0" statements="5" coveredstatements="0" elements="8" coveredelements="0"/>
    </file>
    <file name="/home/tiki/PhpstormProjects/serieApp2023/src/Controller/Admin/SerieCrudController.php">
      <class name="App\Controller\Admin\SerieCrudController" namespace="global">
        <metrics complexity="1" methods="1" coveredmethods="1" conditionals="0" coveredconditionals="0" statements="1" coveredstatements="1" elements="2" coveredelements="2"/>
      </class>
      <line num="10" type="method" name="getEntityFqcn" visibility="public" complexity="1" crap="1" count="8"/>
      <line num="12" type="stmt" count="8"/>
      <metrics loc="26" ncloc="16" classes="1" methods="1" coveredmethods="1" conditionals="0" coveredconditionals="0" statements="1" coveredstatements="1" elements="2" coveredelements="2"/>
    </file>
    <file name="/home/tiki/PhpstormProjects/serieApp2023/src/Controller/MainController.php">
      <class name="App\Controller\MainController" namespace="global">
        <metrics complexity="1" methods="1" coveredmethods="1" conditionals="0" coveredconditionals="0" statements="1" coveredstatements="1" elements="2" coveredelements="2"/>
      </class>
      <line num="11" type="method" name="index" visibility="public" complexity="1" crap="1" count="1"/>
      <line num="14" type="stmt" count="1"/>
      <metrics loc="17" ncloc="17" classes="1" methods="1" coveredmethods="1" conditionals="0" coveredconditionals="0" statements="1" coveredstatements="1" elements="2" coveredelements="2"/>
    </file>
    <file name="/home/tiki/PhpstormProjects/serieApp2023/src/Controller/RegistrationController.php">
      <class name="App\Controller\RegistrationController" namespace="global">
        <metrics complexity="3" methods="1" coveredmethods="0" conditionals="0" coveredconditionals="0" statements="20" coveredstatements="7" elements="21" coveredelements="7"/>
      </class>
      <line num="18" type="method" name="register" visibility="public" complexity="3" crap="5.47" count="1"/>
      <line num="21" type="stmt" count="1"/>
      <line num="22" type="stmt" count="1"/>
      <line num="23" type="stmt" count="1"/>
      <line num="25" type="stmt" count="1"/>
      <line num="27" type="stmt" count="0"/>
      <line num="28" type="stmt" count="0"/>
      <line num="29" type="stmt" count="0"/>
      <line num="30" type="stmt" count="0"/>
      <line num="31" type="stmt" count="0"/>
      <line num="32" type="stmt" count="0"/>
      <line num="34" type="stmt" count="0"/>
      <line num="35" type="stmt" count="0"/>
      <line num="38" type="stmt" count="0"/>
      <line num="39" type="stmt" count="0"/>
      <line num="40" type="stmt" count="0"/>
      <line num="41" type="stmt" count="0"/>
      <line num="42" type="stmt" count="0"/>
      <line num="45" type="stmt" count="1"/>
      <line num="46" type="stmt" count="1"/>
      <line num="47" type="stmt" count="1"/>
      <metrics loc="50" ncloc="48" classes="1" methods="1" coveredmethods="0" conditionals="0" coveredconditionals="0" statements="20" coveredstatements="7" elements="21" coveredelements="7"/>
    </file>
    <file name="/home/tiki/PhpstormProjects/serieApp2023/src/Controller/ResetPasswordController.php">
      <class name="App\Controller\ResetPasswordController" namespace="global">
        <metrics complexity="15" methods="5" coveredmethods="0" conditionals="0" coveredconditionals="0" statements="65" coveredstatements="0" elements="70" coveredelements="0"/>
      </class>
      <line num="27" type="method" name="__construct" visibility="public" complexity="1" crap="2" count="0"/>
      <line num="31" type="stmt" count="0"/>
      <line num="36" type="method" name="request" visibility="public" complexity="3" crap="12" count="0"/>
      <line num="39" type="stmt" count="0"/>
      <line num="40" type="stmt" count="0"/>
      <line num="42" type="stmt" count="0"/>
      <line num="43" type="stmt" count="0"/>
      <line num="44" type="stmt" count="0"/>
      <line num="45" type="stmt" count="0"/>
      <line num="46" type="stmt" count="0"/>
      <line num="49" type="stmt" count="0"/>
      <line num="50" type="stmt" count="0"/>
      <line num="51" type="stmt" count="0"/>
      <line num="57" type="method" name="checkEmail" visibility="public" complexity="2" crap="6" count="0"/>
      <line num="62" type="stmt" count="0"/>
      <line num="63" type="stmt" count="0"/>
      <line num="66" type="stmt" count="0"/>
      <line num="67" type="stmt" count="0"/>
      <line num="68" type="stmt" count="0"/>
      <line num="74" type="method" name="reset" visibility="public" complexity="6" crap="42" count="0"/>
      <line num="77" type="stmt" count="0"/>
      <line num="80" type="stmt" count="0"/>
      <line num="82" type="stmt" count="0"/>
      <line num="85" type="stmt" count="0"/>
      <line num="86" type="stmt" count="0"/>
      <line num="87" type="stmt" count="0"/>
      <line num="91" type="stmt" count="0"/>
      <line num="92" type="stmt" count="0"/>
      <line num="93" type="stmt" count="0"/>
      <line num="94" type="stmt" count="0"/>
      <line num="95" type="stmt" count="0"/>
      <line num="96" type="stmt" count="0"/>
      <line num="97" type="stmt" count="0"/>
      <line num="99" type="stmt" count="0"/>
      <line num="103" type="stmt" count="0"/>
      <line num="104" type="stmt" count="0"/>
      <line num="106" type="stmt" count="0"/>
      <line num="108" type="stmt" count="0"/>
      <line num="111" type="stmt" count="0"/>
      <line num="112" type="stmt" count="0"/>
      <line num="113" type="stmt" count="0"/>
      <line num="114" type="stmt" count="0"/>
      <line num="116" type="stmt" count="0"/>
      <line num="117" type="stmt" count="0"/>
      <line num="120" type="stmt" count="0"/>
      <line num="122" type="stmt" count="0"/>
      <line num="125" type="stmt" count="0"/>
      <line num="126" type="stmt" count="0"/>
      <line num="127" type="stmt" count="0"/>
      <line num="130" type="method" name="processSendingPasswordResetEmail" visibility="private" complexity="3" crap="12" count="0"/>
      <line num="132" type="stmt" count="0"/>
      <line num="133" type="stmt" count="0"/>
      <line num="134" type="stmt" count="0"/>
      <line num="137" type="stmt" count="0"/>
      <line num="138" type="stmt" count="0"/>
      <line num="142" type="stmt" count="0"/>
      <line num="143" type="stmt" count="0"/>
      <line num="154" type="stmt" count="0"/>
      <line num="157" type="stmt" count="0"/>
      <line num="158" type="stmt" count="0"/>
      <line num="159" type="stmt" count="0"/>
      <line num="160" type="stmt" count="0"/>
      <line num="161" type="stmt" count="0"/>
      <line num="162" type="stmt" count="0"/>
      <line num="163" type="stmt" count="0"/>
      <line num="164" type="stmt" count="0"/>
      <line num="165" type="stmt" count="0"/>
      <line num="167" type="stmt" count="0"/>
      <line num="170" type="stmt" count="0"/>
      <line num="172" type="stmt" count="0"/>
      <metrics loc="175" ncloc="147" classes="1" methods="5" coveredmethods="0" conditionals="0" coveredconditionals="0" statements="65" coveredstatements="0" elements="70" coveredelements="0"/>
    </file>
    <file name="/home/tiki/PhpstormProjects/serieApp2023/src/Controller/SeasonController.php">
      <class name="App\Controller\SeasonController" namespace="global">
        <metrics complexity="3" methods="1" coveredmethods="0" conditionals="0" coveredconditionals="0" statements="10" coveredstatements="0" elements="11" coveredelements="0"/>
      </class>
      <line num="15" type="method" name="create" visibility="public" complexity="3" crap="12" count="0"/>
      <line num="21" type="stmt" count="0"/>
      <line num="22" type="stmt" count="0"/>
      <line num="23" type="stmt" count="0"/>
      <line num="24" type="stmt" count="0"/>
      <line num="25" type="stmt" count="0"/>
      <line num="26" type="stmt" count="0"/>
      <line num="28" type="stmt" count="0"/>
      <line num="29" type="stmt" count="0"/>
      <line num="30" type="stmt" count="0"/>
      <line num="31" type="stmt" count="0"/>
      <metrics loc="34" ncloc="34" classes="1" methods="1" coveredmethods="0" conditionals="0" coveredconditionals="0" statements="10" coveredstatements="0" elements="11" coveredelements="0"/>
    </file>
    <file name="/home/tiki/PhpstormProjects/serieApp2023/src/Controller/SecurityController.php">
      <class name="App\Controller\SecurityController" namespace="global">
        <metrics complexity="2" methods="2" coveredmethods="1" conditionals="0" coveredconditionals="0" statements="4" coveredstatements="3" elements="6" coveredelements="4"/>
      </class>
      <line num="12" type="method" name="login" visibility="public" complexity="1" crap="1" count="1"/>
      <line num="20" type="stmt" count="1"/>
      <line num="22" type="stmt" count="1"/>
      <line num="24" type="stmt" count="1"/>
      <line num="27" type="method" name="logout" visibility="public" complexity="1" crap="2" count="0"/>
      <line num="30" type="stmt" count="0"/>
      <metrics loc="33" ncloc="28" classes="1" methods="2" coveredmethods="1" conditionals="0" coveredconditionals="0" statements="4" coveredstatements="3" elements="6" coveredelements="4"/>
    </file>
    <file name="/home/tiki/PhpstormProjects/serieApp2023/src/Controller/SerieController.php">
      <class name="App\Controller\SerieController" namespace="global">
        <metrics complexity="5" methods="3" coveredmethods="3" conditionals="0" coveredconditionals="0" statements="21" coveredstatements="21" elements="24" coveredelements="24"/>
      </class>
      <line num="19" type="method" name="list" visibility="public" complexity="1" crap="1" count="1"/>
      <line num="25" type="stmt" count="1"/>
      <line num="29" type="stmt" count="1"/>
      <line num="30" type="stmt" count="1"/>
      <line num="31" type="stmt" count="1"/>
      <line num="32" type="stmt" count="1"/>
      <line num="35" type="method" name="details" visibility="public" complexity="1" crap="1" count="1"/>
      <line num="41" type="stmt" count="1"/>
      <line num="42" type="stmt" count="1"/>
      <line num="43" type="stmt" count="1"/>
      <line num="44" type="stmt" count="1"/>
      <line num="45" type="stmt" count="1"/>
      <line num="48" type="method" name="create" visibility="public" complexity="3" crap="3" count="2"/>
      <line num="55" type="stmt" count="2"/>
      <line num="56" type="stmt" count="2"/>
      <line num="57" type="stmt" count="2"/>
      <line num="58" type="stmt" count="2"/>
      <line num="59" type="stmt" count="1"/>
      <line num="60" type="stmt" count="1"/>
      <line num="61" type="stmt" count="1"/>
      <line num="63" type="stmt" count="2"/>
      <line num="64" type="stmt" count="2"/>
      <line num="65" type="stmt" count="2"/>
      <line num="66" type="stmt" count="2"/>
      <metrics loc="69" ncloc="66" classes="1" methods="3" coveredmethods="3" conditionals="0" coveredconditionals="0" statements="21" coveredstatements="21" elements="24" coveredelements="24"/>
    </file>
    <file name="/home/tiki/PhpstormProjects/serieApp2023/src/DataFixtures/AppFixtures.php">
      <class name="App\DataFixtures\AppFixtures" namespace="global">
        <metrics complexity="1" methods="1" coveredmethods="1" conditionals="0" coveredconditionals="0" statements="8" coveredstatements="8" elements="9" coveredelements="9"/>
      </class>
      <line num="13" type="method" name="load" visibility="public" complexity="1" crap="1" count="1"/>
      <line num="19" type="stmt" count="1"/>
      <line num="20" type="stmt" count="1"/>
      <line num="21" type="stmt" count="1"/>
      <line num="22" type="stmt" count="1"/>
      <line num="23" type="stmt" count="1"/>
      <line num="24" type="stmt" count="1"/>
      <line num="25" type="stmt" count="1"/>
      <line num="26" type="stmt" count="1"/>
      <metrics loc="29" ncloc="25" classes="1" methods="1" coveredmethods="1" conditionals="0" coveredconditionals="0" statements="8" coveredstatements="8" elements="9" coveredelements="9"/>
    </file>
    <file name="/home/tiki/PhpstormProjects/serieApp2023/src/Entity/ResetPasswordRequest.php">
      <class name="App\Entity\ResetPasswordRequest" namespace="global">
        <metrics complexity="3" methods="3" coveredmethods="3" conditionals="0" coveredconditionals="0" statements="4" coveredstatements="4" elements="7" coveredelements="7"/>
      </class>
      <line num="24" type="method" name="__construct" visibility="public" complexity="1" crap="1" count="2"/>
      <line num="26" type="stmt" count="2"/>
      <line num="27" type="stmt" count="2"/>
      <line num="30" type="method" name="getId" visibility="public" complexity="1" crap="1" count="1"/>
      <line num="32" type="stmt" count="1"/>
      <line num="35" type="method" name="getUser" visibility="public" complexity="1" crap="1" count="1"/>
      <line num="37" type="stmt" count="1"/>
      <metrics loc="40" ncloc="40" classes="1" methods="3" coveredmethods="3" conditionals="0" coveredconditionals="0" statements="4" coveredstatements="4" elements="7" coveredelements="7"/>
    </file>
    <file name="/home/tiki/PhpstormProjects/serieApp2023/src/Entity/Season.php">
      <class name="App\Entity\Season" namespace="global">
        <metrics complexity="17" methods="17" coveredmethods="17" conditionals="0" coveredconditionals="0" statements="25" coveredstatements="25" elements="42" coveredelements="42"/>
      </class>
      <line num="42" type="method" name="getId" visibility="public" complexity="1" crap="1" count="1"/>
      <line num="44" type="stmt" count="1"/>
      <line num="47" type="method" name="getNumber" visibility="public" complexity="1" crap="1" count="1"/>
      <line num="49" type="stmt" count="1"/>
      <line num="52" type="method" name="setNumber" visibility="public" complexity="1" crap="1" count="2"/>
      <line num="54" type="stmt" count="2"/>
      <line num="56" type="stmt" count="2"/>
      <line num="59" type="method" name="getFirstAirDate" visibility="public" complexity="1" crap="1" count="1"/>
      <line num="61" type="stmt" count="1"/>
      <line num="64" type="method" name="setFirstAirDate" visibility="public" complexity="1" crap="1" count="2"/>
      <line num="66" type="stmt" count="2"/>
      <line num="68" type="stmt" count="2"/>
      <line num="71" type="method" name="getOverview" visibility="public" complexity="1" crap="1" count="1"/>
      <line num="73" type="stmt" count="1"/>
      <line num="76" type="method" name="setOverview" visibility="public" complexity="1" crap="1" count="1"/>
      <line num="78" type="stmt" count="1"/>
      <line num="80" type="stmt" count="1"/>
      <line num="83" type="method" name="getPoster" visibility="public" complexity="1" crap="1" count="2"/>
      <line num="85" type="stmt" count="2"/>
      <line num="88" type="method" name="setPoster" visibility="public" complexity="1" crap="1" count="1"/>
      <line num="90" type="stmt" count="1"/>
      <line num="92" type="stmt" count="1"/>
      <line num="95" type="method" name="getTmbdId" visibility="public" complexity="1" crap="1" count="1"/>
      <line num="97" type="stmt" count="1"/>
      <line num="100" type="method" name="setTmbdId" visibility="public" complexity="1" crap="1" count="2"/>
      <line num="102" type="stmt" count="2"/>
      <line num="104" type="stmt" count="2"/>
      <line num="107" type="method" name="getDateCreated" visibility="public" complexity="1" crap="1" count="1"/>
      <line num="109" type="stmt" count="1"/>
      <line num="112" type="method" name="setDateCreated" visibility="public" complexity="1" crap="1" count="2"/>
      <line num="114" type="stmt" count="2"/>
      <line num="116" type="stmt" count="2"/>
      <line num="119" type="method" name="getDateModified" visibility="public" complexity="1" crap="1" count="1"/>
      <line num="121" type="stmt" count="1"/>
      <line num="124" type="method" name="setDateModified" visibility="public" complexity="1" crap="1" count="1"/>
      <line num="126" type="stmt" count="1"/>
      <line num="128" type="stmt" count="1"/>
      <line num="131" type="method" name="getSerie" visibility="public" complexity="1" crap="1" count="1"/>
      <line num="133" type="stmt" count="1"/>
      <line num="136" type="method" name="setSerie" visibility="public" complexity="1" crap="1" count="3"/>
      <line num="138" type="stmt" count="3"/>
      <line num="140" type="stmt" count="3"/>
      <metrics loc="143" ncloc="143" classes="1" methods="17" coveredmethods="17" conditionals="0" coveredconditionals="0" statements="25" coveredstatements="25" elements="42" coveredelements="42"/>
    </file>
    <file name="/home/tiki/PhpstormProjects/serieApp2023/src/Entity/Serie.php">
      <class name="App\Entity\Serie" namespace="global">
        <metrics complexity="34" methods="31" coveredmethods="30" conditionals="0" coveredconditionals="0" statements="50" coveredstatements="46" elements="81" coveredelements="76"/>
      </class>
      <line num="65" type="method" name="__construct" visibility="public" complexity="1" crap="1" count="5"/>
      <line num="67" type="stmt" count="5"/>
      <line num="70" type="method" name="getId" visibility="public" complexity="1" crap="1" count="2"/>
      <line num="72" type="stmt" count="2"/>
      <line num="75" type="method" name="getName" visibility="public" complexity="1" crap="1" count="5"/>
      <line num="77" type="stmt" count="5"/>
      <line num="80" type="method" name="setName" visibility="public" complexity="1" crap="1" count="3"/>
      <line num="82" type="stmt" count="3"/>
      <line num="84" type="stmt" count="3"/>
      <line num="87" type="method" name="getOverview" visibility="public" complexity="1" crap="1" count="4"/>
      <line num="89" type="stmt" count="4"/>
      <line num="92" type="method" name="setOverview" visibility="public" complexity="1" crap="1" count="3"/>
      <line num="94" type="stmt" count="3"/>
      <line num="96" type="stmt" count="3"/>
      <line num="99" type="method" name="getStatus" visibility="public" complexity="1" crap="1" count="3"/>
      <line num="101" type="stmt" count="3"/>
      <line num="104" type="method" name="setStatus" visibility="public" complexity="1" crap="1" count="2"/>
      <line num="106" type="stmt" count="2"/>
      <line num="108" type="stmt" count="2"/>
      <line num="111" type="method" name="getVote" visibility="public" complexity="1" crap="1" count="4"/>
      <line num="113" type="stmt" count="4"/>
      <line num="116" type="method" name="setVote" visibility="public" complexity="1" crap="1" count="2"/>
      <line num="118" type="stmt" count="2"/>
      <line num="120" type="stmt" count="2"/>
      <line num="123" type="method" name="getPopularity" visibility="public" complexity="1" crap="1" count="3"/>
      <line num="125" type="stmt" count="3"/>
      <line num="128" type="method" name="setPopularity" visibility="public" complexity="1" crap="1" count="2"/>
      <line num="130" type="stmt" count="2"/>
      <line num="132" type="stmt" count="2"/>
      <line num="135" type="method" name="getGenres" visibility="public" complexity="1" crap="1" count="3"/>
      <line num="137" type="stmt" count="3"/>
      <line num="140" type="method" name="setGenres" visibility="public" complexity="1" crap="1" count="2"/>
      <line num="142" type="stmt" count="2"/>
      <line num="144" type="stmt" count="2"/>
      <line num="147" type="method" name="getFirstAirDate" visibility="public" complexity="1" crap="1" count="3"/>
      <line num="149" type="stmt" count="3"/>
      <line num="152" type="method" name="setFirstAirDate" visibility="public" complexity="1" crap="1" count="3"/>
      <line num="154" type="stmt" count="3"/>
      <line num="156" type="stmt" count="3"/>
      <line num="159" type="method" name="getLastAirDate" visibility="public" complexity="1" crap="1" count="3"/>
      <line num="161" type="stmt" count="3"/>
      <line num="164" type="method" name="setLastAirDate" visibility="public" complexity="1" crap="1" count="2"/>
      <line num="166" type="stmt" count="2"/>
      <line num="168" type="stmt" count="2"/>
      <line num="171" type="method" name="getBackdrop" visibility="public" complexity="1" crap="1" count="3"/>
      <line num="173" type="stmt" count="3"/>
      <line num="176" type="method" name="setBackdrop" visibility="public" complexity="1" crap="1" count="2"/>
      <line num="178" type="stmt" count="2"/>
      <line num="180" type="stmt" count="2"/>
      <line num="183" type="method" name="getPoster" visibility="public" complexity="1" crap="1" count="4"/>
      <line num="185" type="stmt" count="4"/>
      <line num="188" type="method" name="setPoster" visibility="public" complexity="1" crap="1" count="2"/>
      <line num="190" type="stmt" count="2"/>
      <line num="192" type="stmt" count="2"/>
      <line num="195" type="method" name="getTmdbId" visibility="public" complexity="1" crap="1" count="2"/>
      <line num="197" type="stmt" count="2"/>
      <line num="200" type="method" name="setTmdbId" visibility="public" complexity="1" crap="1" count="2"/>
      <line num="202" type="stmt" count="2"/>
      <line num="204" type="stmt" count="2"/>
      <line num="207" type="method" name="getDateCreated" visibility="public" complexity="1" crap="1" count="1"/>
      <line num="209" type="stmt" count="1"/>
      <line num="212" type="method" name="setDateCreated" visibility="public" complexity="1" crap="1" count="2"/>
      <line num="214" type="stmt" count="2"/>
      <line num="216" type="stmt" count="2"/>
      <line num="219" type="method" name="getDateModified" visibility="public" complexity="1" crap="1" count="1"/>
      <line num="221" type="stmt" count="1"/>
      <line num="224" type="method" name="setDateModified" visibility="public" complexity="1" crap="1" count="1"/>
      <line num="226" type="stmt" count="1"/>
      <line num="228" type="stmt" count="1"/>
      <line num="234" type="method" name="getSeasons" visibility="public" complexity="1" crap="1" count="3"/>
      <line num="236" type="stmt" count="3"/>
      <line num="239" type="method" name="addSeason" visibility="public" complexity="2" crap="2" count="1"/>
      <line num="241" type="stmt" count="1"/>
      <line num="242" type="stmt" count="1"/>
      <line num="243" type="stmt" count="1"/>
      <line num="246" type="stmt" count="1"/>
      <line num="249" type="method" name="removeSeason" visibility="public" complexity="3" crap="12" count="0"/>
      <line num="251" type="stmt" count="0"/>
      <line num="253" type="stmt" count="0"/>
      <line num="254" type="stmt" count="0"/>
      <line num="258" type="stmt" count="0"/>
      <metrics loc="261" ncloc="257" classes="1" methods="31" coveredmethods="30" conditionals="0" coveredconditionals="0" statements="50" coveredstatements="46" elements="81" coveredelements="76"/>
    </file>
    <file name="/home/tiki/PhpstormProjects/serieApp2023/src/Entity/User.php">
      <class name="App\Entity\User" namespace="global">
        <metrics complexity="9" methods="9" coveredmethods="9" conditionals="0" coveredconditionals="0" statements="14" coveredstatements="14" elements="23" coveredelements="23"/>
      </class>
      <line num="32" type="method" name="getId" visibility="public" complexity="1" crap="1" count="1"/>
      <line num="34" type="stmt" count="1"/>
      <line num="37" type="method" name="getEmail" visibility="public" complexity="1" crap="1" count="4"/>
      <line num="39" type="stmt" count="4"/>
      <line num="42" type="method" name="setEmail" visibility="public" complexity="1" crap="1" count="2"/>
      <line num="44" type="stmt" count="2"/>
      <line num="46" type="stmt" count="2"/>
      <line num="54" type="method" name="getUserIdentifier" visibility="public" complexity="1" crap="1" count="2"/>
      <line num="56" type="stmt" count="2"/>
      <line num="62" type="method" name="getRoles" visibility="public" complexity="1" crap="1" count="3"/>
      <line num="64" type="stmt" count="3"/>
      <line num="66" type="stmt" count="3"/>
      <line num="68" type="stmt" count="3"/>
      <line num="71" type="method" name="setRoles" visibility="public" complexity="1" crap="1" count="2"/>
      <line num="73" type="stmt" count="2"/>
      <line num="75" type="stmt" count="2"/>
      <line num="81" type="method" name="getPassword" visibility="public" complexity="1" crap="1" count="3"/>
      <line num="83" type="stmt" count="3"/>
      <line num="86" type="method" name="setPassword" visibility="public" complexity="1" crap="1" count="2"/>
      <line num="88" type="stmt" count="2"/>
      <line num="90" type="stmt" count="2"/>
      <line num="96" type="method" name="eraseCredentials" visibility="public" complexity="1" crap="1" count="1"/>
      <line num="100" type="stmt" count="1"/>
      <metrics loc="102" ncloc="82" classes="1" methods="9" coveredmethods="9" conditionals="0" coveredconditionals="0" statements="14" coveredstatements="14" elements="23" coveredelements="23"/>
    </file>
    <file name="/home/tiki/PhpstormProjects/serieApp2023/src/Factory/ResetPasswordRequestFactory.php">
      <class name="App\Factory\ResetPasswordRequestFactory" namespace="global">
        <metrics complexity="4" methods="4" coveredmethods="4" conditionals="0" coveredconditionals="0" statements="10" coveredstatements="10" elements="14" coveredelements="14"/>
      </class>
      <line num="37" type="method" name="__construct" visibility="public" complexity="1" crap="1" count="1"/>
      <line num="39" type="stmt" count="1"/>
      <line num="42" type="method" name="getClass" visibility="protected" complexity="1" crap="1" count="1"/>
      <line num="44" type="stmt" count="1"/>
      <line num="52" type="method" name="getDefaults" visibility="protected" complexity="1" crap="1" count="1"/>
      <line num="54" type="stmt" count="1"/>
      <line num="55" type="stmt" count="1"/>
      <line num="56" type="stmt" count="1"/>
      <line num="58" type="stmt" count="1"/>
      <line num="59" type="stmt" count="1"/>
      <line num="60" type="stmt" count="1"/>
      <line num="66" type="method" name="initialize" visibility="protected" complexity="1" crap="1" count="1"/>
      <line num="68" type="stmt" count="1"/>
      <line num="69" type="stmt" count="1"/>
      <metrics loc="72" ncloc="39" classes="1" methods="4" coveredmethods="4" conditionals="0" coveredconditionals="0" statements="10" coveredstatements="10" elements="14" coveredelements="14"/>
    </file>
    <file name="/home/tiki/PhpstormProjects/serieApp2023/src/Factory/SeasonFactory.php">
      <class name="App\Factory\SeasonFactory" namespace="global">
        <metrics complexity="4" methods="4" coveredmethods="4" conditionals="0" coveredconditionals="0" statements="11" coveredstatements="11" elements="15" coveredelements="15"/>
      </class>
      <line num="37" type="method" name="__construct" visibility="public" complexity="1" crap="1" count="1"/>
      <line num="39" type="stmt" count="1"/>
      <line num="42" type="method" name="getClass" visibility="protected" complexity="1" crap="1" count="1"/>
      <line num="44" type="stmt" count="1"/>
      <line num="52" type="method" name="getDefaults" visibility="protected" complexity="1" crap="1" count="1"/>
      <line num="54" type="stmt" count="1"/>
      <line num="55" type="stmt" count="1"/>
      <line num="56" type="stmt" count="1"/>
      <line num="57" type="stmt" count="1"/>
      <line num="58" type="stmt" count="1"/>
      <line num="59" type="stmt" count="1"/>
      <line num="60" type="stmt" count="1"/>
      <line num="66" type="method" name="initialize" visibility="protected" complexity="1" crap="1" count="1"/>
      <line num="68" type="stmt" count="1"/>
      <line num="69" type="stmt" count="1"/>
      <metrics loc="72" ncloc="40" classes="1" methods="4" coveredmethods="4" conditionals="0" coveredconditionals="0" statements="11" coveredstatements="11" elements="15" coveredelements="15"/>
    </file>
    <file name="/home/tiki/PhpstormProjects/serieApp2023/src/Factory/SerieFactory.php">
      <class name="App\Factory\SerieFactory" namespace="global">
        <metrics complexity="4" methods="4" coveredmethods="4" conditionals="0" coveredconditionals="0" statements="11" coveredstatements="11" elements="15" coveredelements="15"/>
      </class>
      <line num="37" type="method" name="__construct" visibility="public" complexity="1" crap="1" count="1"/>
      <line num="39" type="stmt" count="1"/>
      <line num="42" type="method" name="getClass" visibility="protected" complexity="1" crap="1" count="1"/>
      <line num="44" type="stmt" count="1"/>
      <line num="52" type="method" name="getDefaults" visibility="protected" complexity="1" crap="1" count="1"/>
      <line num="54" type="stmt" count="1"/>
      <line num="55" type="stmt" count="1"/>
      <line num="56" type="stmt" count="1"/>
      <line num="57" type="stmt" count="1"/>
      <line num="58" type="stmt" count="1"/>
      <line num="59" type="stmt" count="1"/>
      <line num="60" type="stmt" count="1"/>
      <line num="66" type="method" name="initialize" visibility="protected" complexity="1" crap="1" count="1"/>
      <line num="68" type="stmt" count="1"/>
      <line num="69" type="stmt" count="1"/>
      <metrics loc="72" ncloc="40" classes="1" methods="4" coveredmethods="4" conditionals="0" coveredconditionals="0" statements="11" coveredstatements="11" elements="15" coveredelements="15"/>
    </file>
    <file name="/home/tiki/PhpstormProjects/serieApp2023/src/Factory/UserFactory.php">
      <class name="App\Factory\UserFactory" namespace="global">
        <metrics complexity="4" methods="4" coveredmethods="4" conditionals="0" coveredconditionals="0" statements="9" coveredstatements="9" elements="13" coveredelements="13"/>
      </class>
      <line num="37" type="method" name="__construct" visibility="public" complexity="1" crap="1" count="1"/>
      <line num="39" type="stmt" count="1"/>
      <line num="42" type="method" name="getClass" visibility="protected" complexity="1" crap="1" count="1"/>
      <line num="44" type="stmt" count="1"/>
      <line num="50" type="method" name="getDefaults" visibility="protected" complexity="1" crap="1" count="1"/>
      <line num="52" type="stmt" count="1"/>
      <line num="53" type="stmt" count="1"/>
      <line num="54" type="stmt" count="1"/>
      <line num="55" type="stmt" count="1"/>
      <line num="56" type="stmt" count="1"/>
      <line num="62" type="method" name="initialize" visibility="protected" complexity="1" crap="1" count="1"/>
      <line num="64" type="stmt" count="1"/>
      <line num="65" type="stmt" count="1"/>
      <metrics loc="68" ncloc="38" classes="1" methods="4" coveredmethods="4" conditionals="0" coveredconditionals="0" statements="9" coveredstatements="9" elements="13" coveredelements="13"/>
    </file>
    <file name="/home/tiki/PhpstormProjects/serieApp2023/src/Form/ChangePasswordFormType.php">
      <class name="App\Form\ChangePasswordFormType" namespace="global">
        <metrics complexity="2" methods="2" coveredmethods="0" conditionals="0" coveredconditionals="0" statements="29" coveredstatements="0" elements="31" coveredelements="0"/>
      </class>
      <line num="15" type="method" name="buildForm" visibility="public" complexity="1" crap="2" count="0"/>
      <line num="17" type="stmt" count="0"/>
      <line num="18" type="stmt" count="0"/>
      <line num="19" type="stmt" count="0"/>
      <line num="20" type="stmt" count="0"/>
      <line num="21" type="stmt" count="0"/>
      <line num="22" type="stmt" count="0"/>
      <line num="23" type="stmt" count="0"/>
      <line num="24" type="stmt" count="0"/>
      <line num="25" type="stmt" count="0"/>
      <line num="26" type="stmt" count="0"/>
      <line num="27" type="stmt" count="0"/>
      <line num="28" type="stmt" count="0"/>
      <line num="29" type="stmt" count="0"/>
      <line num="30" type="stmt" count="0"/>
      <line num="31" type="stmt" count="0"/>
      <line num="32" type="stmt" count="0"/>
      <line num="34" type="stmt" count="0"/>
      <line num="35" type="stmt" count="0"/>
      <line num="36" type="stmt" count="0"/>
      <line num="37" type="stmt" count="0"/>
      <line num="38" type="stmt" count="0"/>
      <line num="39" type="stmt" count="0"/>
      <line num="40" type="stmt" count="0"/>
      <line num="41" type="stmt" count="0"/>
      <line num="42" type="stmt" count="0"/>
      <line num="45" type="stmt" count="0"/>
      <line num="46" type="stmt" count="0"/>
      <line num="47" type="stmt" count="0"/>
      <line num="50" type="method" name="configureOptions" visibility="public" complexity="1" crap="2" count="0"/>
      <line num="52" type="stmt" count="0"/>
      <metrics loc="55" ncloc="52" classes="1" methods="2" coveredmethods="0" conditionals="0" coveredconditionals="0" statements="29" coveredstatements="0" elements="31" coveredelements="0"/>
    </file>
    <file name="/home/tiki/PhpstormProjects/serieApp2023/src/Form/RegistrationFormType.php">
      <class name="App\Form\RegistrationFormType" namespace="global">
        <metrics complexity="2" methods="2" coveredmethods="2" conditionals="0" coveredconditionals="0" statements="28" coveredstatements="28" elements="30" coveredelements="30"/>
      </class>
      <line num="17" type="method" name="buildForm" visibility="public" complexity="1" crap="1" count="1"/>
      <line num="19" type="stmt" count="1"/>
      <line num="20" type="stmt" count="1"/>
      <line num="21" type="stmt" count="1"/>
      <line num="22" type="stmt" count="1"/>
      <line num="23" type="stmt" count="1"/>
      <line num="24" type="stmt" count="1"/>
      <line num="25" type="stmt" count="1"/>
      <line num="26" type="stmt" count="1"/>
      <line num="27" type="stmt" count="1"/>
      <line num="28" type="stmt" count="1"/>
      <line num="29" type="stmt" count="1"/>
      <line num="32" type="stmt" count="1"/>
      <line num="33" type="stmt" count="1"/>
      <line num="34" type="stmt" count="1"/>
      <line num="35" type="stmt" count="1"/>
      <line num="36" type="stmt" count="1"/>
      <line num="37" type="stmt" count="1"/>
      <line num="38" type="stmt" count="1"/>
      <line num="39" type="stmt" count="1"/>
      <line num="40" type="stmt" count="1"/>
      <line num="42" type="stmt" count="1"/>
      <line num="43" type="stmt" count="1"/>
      <line num="44" type="stmt" count="1"/>
      <line num="45" type="stmt" count="1"/>
      <line num="46" type="stmt" count="1"/>
      <line num="49" type="method" name="configureOptions" visibility="public" complexity="1" crap="1" count="1"/>
      <line num="51" type="stmt" count="1"/>
      <line num="52" type="stmt" count="1"/>
      <line num="53" type="stmt" count="1"/>
      <metrics loc="56" ncloc="53" classes="1" methods="2" coveredmethods="2" conditionals="0" coveredconditionals="0" statements="28" coveredstatements="28" elements="30" coveredelements="30"/>
    </file>
    <file name="/home/tiki/PhpstormProjects/serieApp2023/src/Form/ResetPasswordRequestFormType.php">
      <class name="App\Form\ResetPasswordRequestFormType" namespace="global">
        <metrics complexity="2" methods="2" coveredmethods="0" conditionals="0" coveredconditionals="0" statements="11" coveredstatements="0" elements="13" coveredelements="0"/>
      </class>
      <line num="13" type="method" name="buildForm" visibility="public" complexity="1" crap="2" count="0"/>
      <line num="15" type="stmt" count="0"/>
      <line num="16" type="stmt" count="0"/>
      <line num="17" type="stmt" count="0"/>
      <line num="18" type="stmt" count="0"/>
      <line num="19" type="stmt" count="0"/>
      <line num="20" type="stmt" count="0"/>
      <line num="21" type="stmt" count="0"/>
      <line num="22" type="stmt" count="0"/>
      <line num="23" type="stmt" count="0"/>
      <line num="24" type="stmt" count="0"/>
      <line num="27" type="method" name="configureOptions" visibility="public" complexity="1" crap="2" count="0"/>
      <line num="29" type="stmt" count="0"/>
      <metrics loc="32" ncloc="32" classes="1" methods="2" coveredmethods="0" conditionals="0" coveredconditionals="0" statements="11" coveredstatements="0" elements="13" coveredelements="0"/>
    </file>
    <file name="/home/tiki/PhpstormProjects/serieApp2023/src/Form/SeasonType.php">
      <class name="App\Form\SeasonType" namespace="global">
        <metrics complexity="2" methods="2" coveredmethods="0" conditionals="0" coveredconditionals="0" statements="19" coveredstatements="0" elements="21" coveredelements="0"/>
      </class>
      <line num="14" type="method" name="buildForm" visibility="public" complexity="1" crap="2" count="0"/>
      <line num="16" type="stmt" count="0"/>
      <line num="17" type="stmt" count="0"/>
      <line num="18" type="stmt" count="0"/>
      <line num="19" type="stmt" count="0"/>
      <line num="20" type="stmt" count="0"/>
      <line num="21" type="stmt" count="0"/>
      <line num="22" type="stmt" count="0"/>
      <line num="23" type="stmt" count="0"/>
      <line num="24" type="stmt" count="0"/>
      <line num="25" type="stmt" count="0"/>
      <line num="26" type="stmt" count="0"/>
      <line num="27" type="stmt" count="0"/>
      <line num="28" type="stmt" count="0"/>
      <line num="29" type="stmt" count="0"/>
      <line num="30" type="stmt" count="0"/>
      <line num="31" type="stmt" count="0"/>
      <line num="34" type="method" name="configureOptions" visibility="public" complexity="1" crap="2" count="0"/>
      <line num="36" type="stmt" count="0"/>
      <line num="37" type="stmt" count="0"/>
      <line num="38" type="stmt" count="0"/>
      <metrics loc="41" ncloc="41" classes="1" methods="2" coveredmethods="0" conditionals="0" coveredconditionals="0" statements="19" coveredstatements="0" elements="21" coveredelements="0"/>
    </file>
    <file name="/home/tiki/PhpstormProjects/serieApp2023/src/Form/SerieType.php">
      <class name="App\Form\SerieType" namespace="global">
        <metrics complexity="2" methods="2" coveredmethods="2" conditionals="0" coveredconditionals="0" statements="33" coveredstatements="33" elements="35" coveredelements="35"/>
      </class>
      <line num="15" type="method" name="buildForm" visibility="public" complexity="1" crap="1" count="2"/>
      <line num="17" type="stmt" count="2"/>
      <line num="18" type="stmt" count="2"/>
      <line num="19" type="stmt" count="2"/>
      <line num="20" type="stmt" count="2"/>
      <line num="21" type="stmt" count="2"/>
      <line num="22" type="stmt" count="2"/>
      <line num="23" type="stmt" count="2"/>
      <line num="24" type="stmt" count="2"/>
      <line num="25" type="stmt" count="2"/>
      <line num="26" type="stmt" count="2"/>
      <line num="27" type="stmt" count="2"/>
      <line num="28" type="stmt" count="2"/>
      <line num="29" type="stmt" count="2"/>
      <line num="30" type="stmt" count="2"/>
      <line num="31" type="stmt" count="2"/>
      <line num="32" type="stmt" count="2"/>
      <line num="33" type="stmt" count="2"/>
      <line num="34" type="stmt" count="2"/>
      <line num="35" type="stmt" count="2"/>
      <line num="36" type="stmt" count="2"/>
      <line num="37" type="stmt" count="2"/>
      <line num="38" type="stmt" count="2"/>
      <line num="39" type="stmt" count="2"/>
      <line num="40" type="stmt" count="2"/>
      <line num="41" type="stmt" count="2"/>
      <line num="42" type="stmt" count="2"/>
      <line num="43" type="stmt" count="2"/>
      <line num="44" type="stmt" count="2"/>
      <line num="45" type="stmt" count="2"/>
      <line num="46" type="stmt" count="2"/>
      <line num="49" type="method" name="configureOptions" visibility="public" complexity="1" crap="1" count="2"/>
      <line num="51" type="stmt" count="2"/>
      <line num="52" type="stmt" count="2"/>
      <line num="53" type="stmt" count="2"/>
      <metrics loc="56" ncloc="56" classes="1" methods="2" coveredmethods="2" conditionals="0" coveredconditionals="0" statements="33" coveredstatements="33" elements="35" coveredelements="35"/>
    </file>
    <file name="/home/tiki/PhpstormProjects/serieApp2023/src/Kernel.php">
      <class name="App\Kernel" namespace="global">
        <metrics complexity="0" methods="0" coveredmethods="0" conditionals="0" coveredconditionals="0" statements="0" coveredstatements="0" elements="0" coveredelements="0"/>
      </class>
      <metrics loc="12" ncloc="12" classes="0" methods="0" coveredmethods="0" conditionals="0" coveredconditionals="0" statements="0" coveredstatements="0" elements="0" coveredelements="0"/>
    </file>
    <file name="/home/tiki/PhpstormProjects/serieApp2023/src/Repository/ResetPasswordRequestRepository.php">
      <class name="App\Repository\ResetPasswordRequestRepository" namespace="global">
        <metrics complexity="6" methods="4" coveredmethods="0" conditionals="0" coveredconditionals="0" statements="8" coveredstatements="0" elements="12" coveredelements="0"/>
      </class>
      <line num="24" type="method" name="__construct" visibility="public" complexity="1" crap="2" count="0"/>
      <line num="26" type="stmt" count="0"/>
      <line num="29" type="method" name="save" visibility="public" complexity="2" crap="6" count="0"/>
      <line num="31" type="stmt" count="0"/>
      <line num="33" type="stmt" count="0"/>
      <line num="34" type="stmt" count="0"/>
      <line num="38" type="method" name="remove" visibility="public" complexity="2" crap="6" count="0"/>
      <line num="40" type="stmt" count="0"/>
      <line num="42" type="stmt" count="0"/>
      <line num="43" type="stmt" count="0"/>
      <line num="47" type="method" name="createResetPasswordRequest" visibility="public" complexity="1" crap="2" count="0"/>
      <line num="49" type="stmt" count="0"/>
      <metrics loc="52" ncloc="44" classes="1" methods="4" coveredmethods="0" conditionals="0" coveredconditionals="0" statements="8" coveredstatements="0" elements="12" coveredelements="0"/>
    </file>
    <file name="/home/tiki/PhpstormProjects/serieApp2023/src/Repository/SeasonRepository.php">
      <class name="App\Repository\SeasonRepository" namespace="global">
        <metrics complexity="5" methods="3" coveredmethods="0" conditionals="0" coveredconditionals="0" statements="7" coveredstatements="0" elements="10" coveredelements="0"/>
      </class>
      <line num="19" type="method" name="__construct" visibility="public" complexity="1" crap="2" count="0"/>
      <line num="21" type="stmt" count="0"/>
      <line num="24" type="method" name="save" visibility="public" complexity="2" crap="6" count="0"/>
      <line num="26" type="stmt" count="0"/>
      <line num="28" type="stmt" count="0"/>
      <line num="29" type="stmt" count="0"/>
      <line num="33" type="method" name="remove" visibility="public" complexity="2" crap="6" count="0"/>
      <line num="35" type="stmt" count="0"/>
      <line num="37" type="stmt" count="0"/>
      <line num="38" type="stmt" count="0"/>
      <metrics loc="67" ncloc="36" classes="1" methods="3" coveredmethods="0" conditionals="0" coveredconditionals="0" statements="7" coveredstatements="0" elements="10" coveredelements="0"/>
    </file>
    <file name="/home/tiki/PhpstormProjects/serieApp2023/src/Repository/SerieRepository.php">
      <class name="App\Repository\SerieRepository" namespace="global">
        <metrics complexity="6" methods="4" coveredmethods="1" conditionals="0" coveredconditionals="0" statements="15" coveredstatements="1" elements="19" coveredelements="2"/>
      </class>
      <line num="20" type="method" name="__construct" visibility="public" complexity="1" crap="1" count="3"/>
      <line num="22" type="stmt" count="3"/>
      <line num="25" type="method" name="save" visibility="public" complexity="2" crap="6" count="0"/>
      <line num="27" type="stmt" count="0"/>
      <line num="29" type="stmt" count="0"/>
      <line num="30" type="stmt" count="0"/>
      <line num="34" type="method" name="remove" visibility="public" complexity="2" crap="6" count="0"/>
      <line num="36" type="stmt" count="0"/>
      <line num="38" type="stmt" count="0"/>
      <line num="39" type="stmt" count="0"/>
      <line num="43" type="method" name="findAllWithSeasons" visibility="public" complexity="1" crap="2" count="0"/>
      <line num="45" type="stmt" count="0"/>
      <line num="46" type="stmt" count="0"/>
      <line num="47" type="stmt" count="0"/>
      <line num="48" type="stmt" count="0"/>
      <line num="49" type="stmt" count="0"/>
      <line num="50" type="stmt" count="0"/>
      <line num="51" type="stmt" count="0"/>
      <line num="52" type="stmt" count="0"/>
      <metrics loc="80" ncloc="49" classes="1" methods="4" coveredmethods="1" conditionals="0" coveredconditionals="0" statements="15" coveredstatements="1" elements="19" coveredelements="2"/>
    </file>
    <file name="/home/tiki/PhpstormProjects/serieApp2023/src/Repository/UserRepository.php">
      <class name="App\Repository\UserRepository" namespace="global">
        <metrics complexity="7" methods="4" coveredmethods="1" conditionals="0" coveredconditionals="0" statements="11" coveredstatements="1" elements="15" coveredelements="2"/>
      </class>
      <line num="22" type="method" name="__construct" visibility="public" complexity="1" crap="1" count="3"/>
      <line num="24" type="stmt" count="3"/>
      <line num="27" type="method" name="save" visibility="public" complexity="2" crap="6" count="0"/>
      <line num="29" type="stmt" count="0"/>
      <line num="31" type="stmt" count="0"/>
      <line num="32" type="stmt" count="0"/>
      <line num="36" type="method" name="remove" visibility="public" complexity="2" crap="6" count="0"/>
      <line num="38" type="stmt" count="0"/>
      <line num="40" type="stmt" count="0"/>
      <line num="41" type="stmt" count="0"/>
      <line num="48" type="method" name="upgradePassword" visibility="public" complexity="2" crap="6" count="0"/>
      <line num="50" type="stmt" count="0"/>
      <line num="51" type="stmt" count="0"/>
      <line num="54" type="stmt" count="0"/>
      <line num="56" type="stmt" count="0"/>
      <metrics loc="84" ncloc="50" classes="1" methods="4" coveredmethods="1" conditionals="0" coveredconditionals="0" statements="11" coveredstatements="1" elements="15" coveredelements="2"/>
    </file>
    <file name="/home/tiki/PhpstormProjects/serieApp2023/src/Security/AppAuthenticator.php">
      <class name="App\Security\AppAuthenticator" namespace="global">
        <metrics complexity="5" methods="4" coveredmethods="2" conditionals="0" coveredconditionals="0" statements="14" coveredstatements="2" elements="18" coveredelements="4"/>
      </class>
      <line num="24" type="method" name="__construct" visibility="public" complexity="1" crap="1" count="8"/>
      <line num="26" type="stmt" count="8"/>
      <line num="28" type="method" name="authenticate" visibility="public" complexity="1" crap="2" count="0"/>
      <line num="30" type="stmt" count="0"/>
      <line num="32" type="stmt" count="0"/>
      <line num="34" type="stmt" count="0"/>
      <line num="35" type="stmt" count="0"/>
      <line num="36" type="stmt" count="0"/>
      <line num="37" type="stmt" count="0"/>
      <line num="38" type="stmt" count="0"/>
      <line num="39" type="stmt" count="0"/>
      <line num="40" type="stmt" count="0"/>
      <line num="43" type="method" name="onAuthenticationSuccess" visibility="public" complexity="2" crap="6" count="0"/>
      <line num="45" type="stmt" count="0"/>
      <line num="46" type="stmt" count="0"/>
      <line num="50" type="stmt" count="0"/>
      <line num="54" type="method" name="getLoginUrl" visibility="protected" complexity="1" crap="1" count="2"/>
      <line num="56" type="stmt" count="2"/>
      <metrics loc="59" ncloc="57" classes="1" methods="4" coveredmethods="2" conditionals="0" coveredconditionals="0" statements="14" coveredstatements="2" elements="18" coveredelements="4"/>
    </file>
    <file name="/home/tiki/PhpstormProjects/serieApp2023/src/Services/MailService.php">
      <class name="App\Services\MailService" namespace="global">
        <metrics complexity="2" methods="2" coveredmethods="1" conditionals="0" coveredconditionals="0" statements="9" coveredstatements="1" elements="11" coveredelements="2"/>
      </class>
      <line num="12" type="method" name="__construct" visibility="public" complexity="1" crap="1" count="1"/>
      <line num="14" type="stmt" count="1"/>
      <line num="17" type="method" name="sendMail" visibility="public" complexity="1" crap="2" count="0"/>
      <line num="19" type="stmt" count="0"/>
      <line num="20" type="stmt" count="0"/>
      <line num="21" type="stmt" count="0"/>
      <line num="22" type="stmt" count="0"/>
      <line num="23" type="stmt" count="0"/>
      <line num="24" type="stmt" count="0"/>
      <line num="25" type="stmt" count="0"/>
      <line num="26" type="stmt" count="0"/>
      <metrics loc="28" ncloc="28" classes="1" methods="2" coveredmethods="1" conditionals="0" coveredconditionals="0" statements="9" coveredstatements="1" elements="11" coveredelements="2"/>
    </file>
    <metrics files="29" loc="1933" ncloc="1605" classes="28" methods="125" coveredmethods="91" conditionals="0" coveredconditionals="0" statements="453" coveredstatements="237" elements="578" coveredelements="328"/>
  </project>
</coverage>
